   0.5449603146336748     
   0.2969396440637127     
   0.1618620241078207     
   8.8281396120222011E-002
   4.8199175465124755E-002
   2.6363883984235503E-002
   1.4467933626060692E-002
   7.9864433870650009E-003
   4.4546849949531619E-003
   2.5299956098796539E-003
   1.4809501812028669E-003
   9.0906982055372065E-004
   5.9723786970167225E-004
   4.2715423043293566E-004
   3.3434720887703939E-004
   2.8367984080934772E-004
   2.5599890172034456E-004
   2.4086142627710583E-004
   2.3257246831398515E-004
   2.2802545418465492E-004
   2.2552492895666632E-004
   2.2414508786161580E-004
   2.2338002942623447E-004
   2.2295303670283317E-004
   2.2271256012729168E-004
   2.2257545160864201E-004
   2.2250029005188576E-004
   2.2246253024293949E-004
   2.2244061804255200E-004
   2.2242749440215537E-004
   2.2241930099264895E-004
   2.2241392245447855E-004
