 VARIABLES = "ITER", "ERROR"
           50   3.9719163814750935E-003
          100   3.9574444571313094E-003
          150   3.9574252896328321E-003
          200   3.9574241048546677E-003
          250   3.9574240311399667E-003
          300   3.9574240265555227E-003
          350   3.9574240262705285E-003
          400   3.9574240262526539E-003
          450   3.9574240262514326E-003
          500   3.9574240262514326E-003
          550   3.9574240262514326E-003
          600   3.9574240262514326E-003
          650   3.9574240262514326E-003
          700   3.9574240262514326E-003
          750   3.9574240262514326E-003
          800   3.9574240262514326E-003
          850   3.9574240262514326E-003
          900   3.9574240262514326E-003
          950   3.9574240262514326E-003
         1000   3.9574240262514326E-003
         1050   3.9574240262514326E-003
         1100   3.9574240262514326E-003
         1150   3.9574240262514326E-003
         1200   3.9574240262514326E-003
         1250   3.9574240262514326E-003
         1300   3.9574240262514326E-003
         1350   3.9574240262514326E-003
         1400   3.9574240262514326E-003
         1450   3.9574240262514326E-003
         1500   3.9574240262514326E-003
         1550   3.9574240262514326E-003
         1600   3.9574240262514326E-003
