   8.1339373519181524E-002
   7.4056041784490434E-003
   1.4535759222670253E-003
   9.7425242920823329E-004
   9.3562599983421091E-004
   9.3250960896340551E-004
   9.3226320794226325E-004
   9.3224399110347633E-004
   9.3224250882162352E-004
   9.3224234263100669E-004
   9.3224228023525146E-004
   9.3224224212029583E-004
   9.3224221941701213E-004
   9.3224220655541146E-004
   9.3224219947807274E-004
   9.3224219564247424E-004
   9.3224219358045701E-004
   9.3224219247667328E-004
   9.3224219188714486E-004
   9.3224219157228561E-004
   9.3224219140441988E-004
   9.3224219131515795E-004
   9.3224219126752939E-004
   9.3224219124199426E-004
   9.3224219122856056E-004
   9.3224219122145513E-004
   9.3224219121779139E-004
   9.3224219121568197E-004
   9.3224219121490481E-004
   9.3224219121423868E-004
   9.3224219121423868E-004
   9.3224219121423868E-004
