   0.3369395405417185     
   0.1141370918560124     
   3.8873112133185117E-002
   1.3426594642684919E-002
   4.8155984890894121E-003
   1.8987804779081463E-003
   9.0961640111331121E-004
   5.7368386250467029E-004
   4.5938882999785324E-004
   4.2041019346272801E-004
   4.0707639927628492E-004
   4.0249695551408671E-004
   4.0091580898982127E-004
   4.0036599334070111E-004
   4.0017292048244446E-004
   4.0012165051950266E-004
   4.0010675355828251E-004
   4.0010189858230572E-004
   4.0010020240799360E-004
   4.0009951537001154E-004
   4.0009916594352379E-004
   4.0009894567272219E-004
   4.0009878806990251E-004
   4.0009866932133598E-004
   4.0009857849077068E-004
   4.0009850889310972E-004
   4.0009845566368885E-004
   4.0009841504162758E-004
   4.0009838409127418E-004
   4.0009836053345182E-004
   4.0009834261267585E-004
   4.0009832898324493E-004
