 ---------F--------
    0.000000000000000     
    0.000000000000000     
    0.000000000000000     
    0.000000000000000     
    0.000000000000000     
    0.000000000000000     
    0.000000000000000     
    0.000000000000000     
    0.000000000000000     
    0.000000000000000     
    0.000000000000000     
    0.000000000000000     
    0.000000000000000     
    0.000000000000000     
    0.000000000000000     
    0.000000000000000     
    0.000000000000000     
    0.000000000000000     
    0.000000000000000     
    0.000000000000000     
    0.000000000000000     
    0.000000000000000     
    0.000000000000000     
    0.000000000000000     
    0.000000000000000     
    0.000000000000000     
    0.000000000000000     
    0.000000000000000     
    0.000000000000000     
    0.000000000000000     
    0.000000000000000     
    0.000000000000000     
    0.000000000000000     
    0.000000000000000     
    0.000000000000000     
    0.000000000000000     
    0.000000000000000     
    0.000000000000000     
    0.000000000000000     
    0.000000000000000     
    0.000000000000000     
    0.000000000000000     
    0.000000000000000     
   0.7205846394664053     
   0.6040592721143767     
  -0.2582576058623657     
  -0.8017208818427061     
  -0.3553528282592769     
    0.000000000000000     
   0.6040550132607958     
   0.5063736025254497     
  -0.2164933502962594     
  -0.6720702493278042     
  -0.2978867966645827     
    0.000000000000000     
  -0.2582704182364219     
  -0.2165056124668112     
   9.2564211963562557E-002
   0.2873511678899745     
   0.1273648307301142     
    0.000000000000000     
  -0.8017400307582269     
  -0.6720910278358252     
   0.2873437883160001     
   0.8920142739903872     
   0.3953742469559389     
    0.000000000000000     
  -0.3553620324905928     
  -0.2978965994603872     
   0.1273618225278964     
   0.3953750960257782     
   0.1752450889695501     
    0.000000000000000     
    0.000000000000000     
    0.000000000000000     
    0.000000000000000     
    0.000000000000000     
    0.000000000000000     
    0.000000000000000     
   0.6040508685783369     
   0.5063703185542948     
  -0.2164913335505350     
  -0.6720649800803250     
  -0.2978844938087673     
    0.000000000000000     
   0.5063664622730575     
   0.4244824030313295     
  -0.1814812512008418     
  -0.5633815558846081     
  -0.2497119227557163     
    0.000000000000000     
  -0.2165028953503577     
  -0.1814923214538514     
   7.7594643563057827E-002
   0.2408806023459737     
   0.1067673359904971     
    0.000000000000000     
  -0.6720821161377784     
  -0.5634001998661763     
   0.2408738861134217     
   0.7477565440954926     
   0.3314338306643737     
    0.000000000000000     
  -0.2978926993505175     
  -0.2497206647151808     
   0.1067645615625588     
   0.3314344638705487     
   0.1469042208461714     
    0.000000000000000     
    0.000000000000000     
    0.000000000000000     
    0.000000000000000     
    0.000000000000000     
    0.000000000000000     
    0.000000000000000     
  -0.2582828552005345     
  -0.2165155188759529     
   9.2570157070230724E-002
   0.2873669038561253     
   0.1273717299965757     
    0.000000000000000     
  -0.2165147955967073     
  -0.1815017901455523     
   7.7600358613521575E-002
   0.2408956881539966     
   0.1067739451782261     
    0.000000000000000     
   9.2572387704065631E-002
   7.7602486288525271E-002
  -3.3178176051619650E-002
  -0.1029961471343261     
  -4.5651758594365648E-002
    0.000000000000000     
   0.2873705665336183     
   0.2408995597633290     
  -0.1029949836761955     
  -0.3197295948688655     
  -0.1417161112311685     
    0.000000000000000     
   0.1273736457755397     
   0.1067759076215702     
  -4.5651347415672887E-002
  -0.1417164353876390     
  -6.2814020020558581E-002
    0.000000000000000     
    0.000000000000000     
    0.000000000000000     
    0.000000000000000     
    0.000000000000000     
    0.000000000000000     
    0.000000000000000     
  -0.8017585348843707     
  -0.6721059287227850     
   0.2873522920075048     
   0.8920374294630520     
   0.3953845698247618     
    0.000000000000000     
  -0.6721022045491513     
  -0.5634163106596214     
   0.2408832769002093     
   0.7477818322840010     
   0.3314450709312453     
    0.000000000000000     
   0.2873633922758977     
   0.2408939127515590     
  -0.1029913999456270     
  -0.3197203789418187     
  -0.1417121321921173     
    0.000000000000000     
   0.8920541706306692     
   0.7477999957182608     
  -0.3197140436795746     
  -0.9924999160005932     
  -0.4399133373301951     
    0.000000000000000     
   0.3953926279273095     
   0.3314536360030537     
  -0.1417095569602519     
  -0.4399140751757988     
  -0.1949864827438055     
    0.000000000000000     
    0.000000000000000     
    0.000000000000000     
    0.000000000000000     
    0.000000000000000     
    0.000000000000000     
    0.000000000000000     
  -0.3553708563213413     
  -0.2979037880873844     
   0.1273657376147886     
   0.3953860407161433     
   0.1752507159315801     
    0.000000000000000     
  -0.2979020767779417     
  -0.2497282680258132     
   0.1067688468649192     
   0.3314462685550080     
   0.1469100867166982     
    0.000000000000000     
   0.1273706959793512     
   0.1067736140547972     
  -4.5649809547608576E-002
  -0.1417126061642434     
  -6.2812623605759815E-002
    0.000000000000000     
   0.3953933314643808     
   0.3314542798045296     
  -0.1417097097083852     
  -0.4399148379051934     
  -0.1949874741648547     
    0.000000000000000     
   0.1752534666845928     
   0.1469132253663434     
  -6.2811181561598220E-002
  -0.1949871179884410     
  -8.6425912312139835E-002
