           50   0.6235044172574700     
          100   0.3889371847867075     
          150   0.2426414688613556     
          200   0.1513986429819224     
          250   9.4491500039823761E-002
          300   5.8999119934430855E-002
          350   3.6862895050614131E-002
          400   2.3056762930436903E-002
          450   1.4446022353812094E-002
          500   9.0755932144910290E-003
          550   5.7261125232721533E-003
          600   3.6370763165154418E-003
          650   2.3341662025658794E-003
          700   1.5215547432506638E-003
          750   1.0147374470251824E-003
          800   6.9864078423587106E-004
          850   5.0149459299397847E-004
          900   3.7853657092634663E-004
          950   3.0184893638962595E-004
         1000   2.5401965989579889E-004
         1050   2.2418904014886998E-004
         1100   2.0558399468750821E-004
         1150   1.9398022263150683E-004
         1200   1.8674307160693182E-004
