     ITER        TIME        F(5,5,5)          F1(5,5,5)        F(10,10,10)        F1(10,10,10)        DELTA
       0      0.0000E+00      0.0000E+00      1.1357E-02      0.0000E+00      1.4321E-01      9.9961E-01
     ITER        TIME        F(5,5,5)          F1(5,5,5)        F(10,10,10)        F1(10,10,10)        DELTA
      50      5.0000E+31      7.3265E-03      1.1357E-02      1.0121E-01      1.4321E-01      1.8340E-01
     ITER        TIME        F(5,5,5)          F1(5,5,5)        F(10,10,10)        F1(10,10,10)        DELTA
     100      1.0000E+32      1.0651E-02      1.1357E-02      1.3689E-01      1.4321E-01      3.8532E-02
     ITER        TIME        F(5,5,5)          F1(5,5,5)        F(10,10,10)        F1(10,10,10)        DELTA
     150      1.5000E+32      1.1325E-02      1.1357E-02      1.4318E-01      1.4321E-01      9.7525E-03
     ITER        TIME        F(5,5,5)          F1(5,5,5)        F(10,10,10)        F1(10,10,10)        DELTA
     200      2.0000E+32      1.1375E-02      1.1357E-02      1.4343E-01      1.4321E-01      2.9138E-03
     ITER        TIME        F(5,5,5)          F1(5,5,5)        F(10,10,10)        F1(10,10,10)        DELTA
     250      2.5000E+32      1.1360E-02      1.1357E-02      1.4324E-01      1.4321E-01      1.0283E-03
     ITER        TIME        F(5,5,5)          F1(5,5,5)        F(10,10,10)        F1(10,10,10)        DELTA
     300      3.0000E+32      1.1355E-02      1.1357E-02      1.4318E-01      1.4321E-01      4.4528E-04
     ITER        TIME        F(5,5,5)          F1(5,5,5)        F(10,10,10)        F1(10,10,10)        DELTA
     350      3.5000E+32      1.1354E-02      1.1357E-02      1.4318E-01      1.4321E-01      2.7042E-04
     ITER        TIME        F(5,5,5)          F1(5,5,5)        F(10,10,10)        F1(10,10,10)        DELTA
     400      4.0000E+32      1.1354E-02      1.1357E-02      1.4318E-01      1.4321E-01      2.0968E-04
     ITER        TIME        F(5,5,5)          F1(5,5,5)        F(10,10,10)        F1(10,10,10)        DELTA
     450      4.5000E+32      1.1354E-02      1.1357E-02      1.4318E-01      1.4321E-01      1.9006E-04
     ITER        TIME        F(5,5,5)          F1(5,5,5)        F(10,10,10)        F1(10,10,10)        DELTA
     500      5.0000E+32      1.1355E-02      1.1357E-02      1.4319E-01      1.4321E-01      1.8235E-04
     ITER        TIME        F(5,5,5)          F1(5,5,5)        F(10,10,10)        F1(10,10,10)        DELTA
     550      5.5000E+32      1.1355E-02      1.1357E-02      1.4319E-01      1.4321E-01      1.7886E-04
     ITER        TIME        F(5,5,5)          F1(5,5,5)        F(10,10,10)        F1(10,10,10)        DELTA
     600      6.0000E+32      1.1355E-02      1.1357E-02      1.4319E-01      1.4321E-01      1.7748E-04
     ITER        TIME        F(5,5,5)          F1(5,5,5)        F(10,10,10)        F1(10,10,10)        DELTA
     650      6.5000E+32      1.1355E-02      1.1357E-02      1.4319E-01      1.4321E-01      1.7650E-04
     ITER        TIME        F(5,5,5)          F1(5,5,5)        F(10,10,10)        F1(10,10,10)        DELTA
     700      7.0000E+32      1.1355E-02      1.1357E-02      1.4319E-01      1.4321E-01      1.7585E-04
     ITER        TIME        F(5,5,5)          F1(5,5,5)        F(10,10,10)        F1(10,10,10)        DELTA
     750      7.5000E+32      1.1355E-02      1.1357E-02      1.4319E-01      1.4321E-01      1.7542E-04
     ITER        TIME        F(5,5,5)          F1(5,5,5)        F(10,10,10)        F1(10,10,10)        DELTA
     800      8.0000E+32      1.1355E-02      1.1357E-02      1.4319E-01      1.4321E-01      1.7516E-04
    29620.90    
