    1.000000000000000         1.000000000000000         1.000000000000000     
    2.000000000000000         2.000000000000000         2.000000000000000     
    3.000000000000000         3.000000000000000         3.000000000000000     
    4.000000000000000         4.000000000000000         4.000000000000000     
    5.000000000000000         5.000000000000000         5.000000000000000     
    6.000000000000000         6.000000000000000         6.000000000000000     
    7.000000000000000         7.000000000000000         7.000000000000000     
    8.000000000000000         8.000000000000000         8.000000000000000     
    9.000000000000000         9.000000000000000         9.000000000000000     
    10.00000000000000         10.00000000000000         10.00000000000000     
    11.00000000000000         11.00000000000000         11.00000000000000     
    12.00000000000000         12.00000000000000         12.00000000000000     
    13.00000000000000         13.00000000000000         13.00000000000000     
    14.00000000000000         14.00000000000000         14.00000000000000     
    15.00000000000000         15.00000000000000         15.00000000000000     
    16.00000000000000         16.00000000000000         16.00000000000000     
    17.00000000000000         17.00000000000000         17.00000000000000     
    18.00000000000000         18.00000000000000         18.00000000000000     
    19.00000000000000         19.00000000000000         19.00000000000000     
    20.00000000000000         20.00000000000000         20.00000000000000     
    21.00000000000000         21.00000000000000         21.00000000000000     
    22.00000000000000         22.00000000000000         22.00000000000000     
    23.00000000000000       -4.8366978272229995E-026  -2.5301706769843864E-098
    24.00000000000000       -2.5301706769843864E-098    0.000000000000000     
    25.00000000000000         0.000000000000000        4.5181711550516348E-193
    26.00000000000000        6.8296938634254361E-310   1.2519978878291039E-307
    27.00000000000000        1.2239569873605677E-307  -4.8366978272229995E-026
    28.00000000000000       -2.6569842580370804E+303  -4.8366978272229995E-026
    29.00000000000000        4.5180712139076495E-193  -4.8366978272229995E-026
    30.00000000000000        2.6546167344985438E-311  -4.8366978272229995E-026
    31.00000000000000         0.000000000000000       -4.8366978272229995E-026
    32.00000000000000         0.000000000000000       -4.8366978272229995E-026
    33.00000000000000         0.000000000000000       -4.8366978272229995E-026
    34.00000000000000         0.000000000000000       -4.8366978272229995E-026
    35.00000000000000         0.000000000000000       -4.8366978272229995E-026
    36.00000000000000         0.000000000000000       -4.8366978272229995E-026
    37.00000000000000         0.000000000000000       -4.8366978272229995E-026
    38.00000000000000         0.000000000000000       -4.8366978272229995E-026
    39.00000000000000         0.000000000000000       -4.8366978272229995E-026
    40.00000000000000         0.000000000000000       -4.8366978272229995E-026
    41.00000000000000        2.5764595078388533E-231  -4.8366978272229995E-026
    42.00000000000000        2.5865632706146919E-231  -4.8366978272229995E-026
    43.00000000000000        2.5865632706146919E-231  -4.8366978272229995E-026
    44.00000000000000        2.5865632706146919E-231  -4.8366978272229995E-026
    45.00000000000000        5.9666725849601654E-154  -4.8366978272229995E-026
    46.00000000000000        6.0134700169990685E-154  -4.8366978272229995E-026
    47.00000000000000        6.0134700169990685E-154  -4.8366978272229995E-026
    48.00000000000000        6.0134700169990685E-154  -4.8366978272229995E-026
    49.00000000000000        2.2337655532669951E-308  -4.8366978272229995E-026
    50.00000000000000        1.2882297539194358E-231  -4.8366978272229995E-026
    51.00000000000000        1.7417474597068962E-310  -4.8366978272229995E-026
    52.00000000000000        1.4916681462400413E-154  -4.8366978272229995E-026
    53.00000000000000        2.9834276937145124E-154  -4.8366978272229995E-026
    54.00000000000000        1.2932619016956184E-231  -4.8366978272229995E-026
    55.00000000000000        1.2882494107455058E-231  -4.8366978272229995E-026
    56.00000000000000        1.5033218043298777E-154  -4.8366978272229995E-026
    57.00000000000000        2.5866027378381380E-231  -4.8366978272229995E-026
    58.00000000000000        2.5865632706146919E-231  -4.8366978272229995E-026
    59.00000000000000        2.5865632706146919E-231  -4.8366978272229995E-026
    60.00000000000000        2.5865632706146919E-231  -4.8366978272229995E-026
    61.00000000000000        6.0133786157646176E-154  -4.8366978272229995E-026
    62.00000000000000        6.0134700169990685E-154  -4.8366978272229995E-026
    63.00000000000000        6.0134700169990685E-154  -4.8366978272229995E-026
    64.00000000000000        6.0134700169990685E-154  -4.8366978272229995E-026
    65.00000000000000        6.8170154978712552E-313  -4.8366978272229995E-026
    66.00000000000000         0.000000000000000       -4.8366978272229995E-026
    67.00000000000000         0.000000000000000       -4.8366978272229995E-026
    68.00000000000000         0.000000000000000       -4.8366978272229995E-026
    69.00000000000000         0.000000000000000       -4.8366978272229995E-026
    70.00000000000000         0.000000000000000       -4.8366978272229995E-026
    71.00000000000000         0.000000000000000       -4.8366978272229995E-026
    72.00000000000000         0.000000000000000       -4.8366978272229995E-026
    73.00000000000000        7.8317091335407963E+165  -4.8366978272229995E-026
    74.00000000000000        3.9830394677260322E+204  -4.8366978272229995E-026
    75.00000000000000        1.8605574295805805E+243  -4.8366978272229995E-026
    76.00000000000000        9.2468682876879822E+281  -4.8366978272229995E-026
    77.00000000000000         146028888064.0000       -4.8366978272229995E-026
    78.00000000000000        7.3900355486222438E+049  -4.8366978272229995E-026
    79.00000000000000        3.4442041387639314E+088  -4.8366978272229995E-026
    80.00000000000000        1.7156626608348976E+127  -4.8366978272229995E-026
    81.00000000000000        3.4822405885637702E-306  -4.8366978272229995E-026
    82.00000000000000       -1.8827498946116821E-183  -4.8366978272229995E-026
    83.00000000000000        6.9872270181638292E-310  -4.8366978272229995E-026
    84.00000000000000       -1.6259745436952323E-260  -4.8366978272229995E-026
    85.00000000000000       -1.1263087901133536E-146  -4.8366978272229995E-026
    86.00000000000000       -2.6377536584450193E-029  -4.8366978272229995E-026
    87.00000000000000       -4.8626162587974936E-063  -4.8366978272229995E-026
    88.00000000000000       -2.2694926004869712E-106  -4.8366978272229995E-026
    89.00000000000000       -2.1084280810259858E+168  -4.8366978272229995E-026
    90.00000000000000       -1.0398026192922008E+207  -4.8366978272229995E-026
    91.00000000000000       -4.9001234883923920E+245  -4.8366978272229995E-026
    92.00000000000000       -2.4138497925023282E+284  -4.8366978272229995E-026
    93.00000000000000        -39041252588537.96       -4.8366978272229995E-026
    94.00000000000000       -1.9294102656645955E+052  -4.8366978272229995E-026
    95.00000000000000       -9.0727906393246971E+090  -4.8366978272229995E-026
    96.00000000000000       -4.4790821276313240E+129  -4.8366978272229995E-026
    97.00000000000000        4.7505241332225363E-312  -4.8366978272229995E-026
    98.00000000000000       -2.5301706769843864E-098  -4.8366978272229995E-026
    99.00000000000000         0.000000000000000       -4.8366978272229995E-026
    100.0000000000000        4.5183542335085834E-193  -4.8366978272229995E-026
    101.0000000000000        1.7525378013525696E-317  -4.8366978272229995E-026
    102.0000000000000        1.2862539385483386E+248  -4.8366978272229995E-026
    103.0000000000000        3.8550888612799457E+139  -4.8366978272229995E-026
    104.0000000000000        6.9641111436285335E+252  -4.8366978272229995E-026
    105.0000000000000        1.1754959375208910E+214  -4.8366978272229995E-026
    106.0000000000000        1.8742326437767298E-152  -4.8366978272229995E-026
    107.0000000000000        6.9415701814127967E+228  -4.8366978272229995E-026
    108.0000000000000        1.2553021587450226E+180  -4.8366978272229995E-026
    109.0000000000000        4.7395393275930107E+170  -4.8366978272229995E-026
    110.0000000000000        2.3051032923224330E+161  -4.8366978272229995E-026
    111.0000000000000        1.9706583606855014E+166  -4.8366978272229995E-026
    112.0000000000000        1.3229121477787436E+136  -4.8366978272229995E-026
    113.0000000000000        1.2552902907351848E+180  -4.8366978272229995E-026
    114.0000000000000        4.7395393275930107E+170  -4.8366978272229995E-026
    115.0000000000000        9.5545979396572857E-307  -4.8366978272229995E-026
    116.0000000000000       -2.5301706769843864E-098  -4.8366978272229995E-026
    117.0000000000000         0.000000000000000       -4.8366978272229995E-026
    118.0000000000000        4.5181325503348527E-193  -4.8366978272229995E-026
    119.0000000000000        1.2311242403336214E-307  -4.8366978272229995E-026
    120.0000000000000        1.2312464672912047E-307  -4.8366978272229995E-026
    121.0000000000000        1.2313551134757338E-307  -4.8366978272229995E-026
    122.0000000000000        1.2314909212063777E-307  -4.8366978272229995E-026
    123.0000000000000        1.2316063577774442E-307  -4.8366978272229995E-026
    124.0000000000000        1.2316810520293035E-307  -4.8366978272229995E-026
    125.0000000000000        1.2317557462811629E-307  -4.8366978272229995E-026
    126.0000000000000        1.2319730386502099E-307  -4.8366978272229995E-026
    127.0000000000000        1.2320748944481968E-307  -4.8366978272229995E-026
    128.0000000000000        1.2321971214057848E-307  -4.8366978272229995E-026
    129.0000000000000        1.2323668810690921E-307  -4.8366978272229995E-026
    130.0000000000000        1.2324755272536259E-307  -4.8366978272229995E-026
    131.0000000000000        1.2326249157573351E-307  -4.8366978272229995E-026
    132.0000000000000        1.2327539331014543E-307  -4.8366978272229995E-026
    133.0000000000000        1.2328354177398558E-307  -4.8366978272229995E-026
    134.0000000000000        1.2329304831513116E-307  -4.8366978272229995E-026
    135.0000000000000        1.2330527101089013E-307  -4.8366978272229995E-026
    136.0000000000000        1.2331274043607622E-307  -4.8366978272229995E-026
    137.0000000000000        1.2332224697722148E-307  -4.8366978272229995E-026
    138.0000000000000        1.2333175351836754E-307  -4.8366978272229995E-026
    139.0000000000000        1.2333990198220658E-307  -4.8366978272229995E-026
    140.0000000000000        1.2335619890988404E-307  -4.8366978272229995E-026
    141.0000000000000        1.2337385391486898E-307  -4.8366978272229995E-026
    142.0000000000000        1.7542848174762642E-317  -4.8366978272229995E-026
    143.0000000000000       -2.5301706769843864E-098  -4.8366978272229995E-026
    144.0000000000000         0.000000000000000       -4.8366978272229995E-026
    145.0000000000000        2.9610282200865250E-188  -4.8366978272229995E-026
    146.0000000000000        2.3819700894669701E+093  -4.8366978272229995E-026
    147.0000000000000        1.5133134270964760E-013  -4.8366978272229995E-026
    148.0000000000000        1.2501373784170251E+243  -4.8366978272229995E-026
    149.0000000000000       -1.4627275830714606E-101  -4.8366978272229995E-026
    150.0000000000000       -1.4824636730012356E+302  -4.8366978272229995E-026
    151.0000000000000         0.000000000000000       -4.8366978272229995E-026
    152.0000000000000        4.5180867766379287E-193  -4.8366978272229995E-026
    153.0000000000000        1.2313080967703875E-013  -4.8366978272229995E-026
    154.0000000000000        1.2862539385483386E+248  -4.8366978272229995E-026
    155.0000000000000        3.8550888612799457E+139  -4.8366978272229995E-026
    156.0000000000000        1.0149348696642109E+137  -4.8366978272229995E-026
    157.0000000000000        1.0427272925749142E-306  -4.8366978272229995E-026
    158.0000000000000       -2.5301706769843864E-098  -4.8366978272229995E-026
    159.0000000000000         0.000000000000000       -4.8366978272229995E-026
    160.0000000000000        2.3459356479649972E-159  -4.8366978272229995E-026
    161.0000000000000        1.6856889077148773E+069  -4.8366978272229995E-026
    162.0000000000000         8242301034848086.       -4.8366978272229995E-026
    163.0000000000000        2.5874440227556802E+161  -4.8366978272229995E-026
    164.0000000000000        2.2556637929836668E+137  -4.8366978272229995E-026
    165.0000000000000        9.3035059861675463E+199  -4.8366978272229995E-026
    166.0000000000000        2.9948917237986388E+262  -4.8366978272229995E-026
    167.0000000000000       -2.5301706769843308E-098  -4.8366978272229995E-026
    168.0000000000000       -2.6569842580370600E+303  -4.8366978272229995E-026
    169.0000000000000         0.000000000000000       -4.8366978272229995E-026
    170.0000000000000        2.3459313066393146E-159  -4.8366978272229995E-026
    171.0000000000000        3.2437206972296634E+088  -4.8366978272229995E-026
    172.0000000000000        3.1730267592972942E+059  -4.8366978272229995E-026
    173.0000000000000        4.3636190637913282E+242  -4.8366978272229995E-026
    174.0000000000000        1.3231929878462779E+199  -4.8366978272229995E-026
    175.0000000000000        1.2988090979045853E+219  -4.8366978272229995E-026
    176.0000000000000        7.4895632819825324E+247  -4.8366978272229995E-026
    177.0000000000000       -2.5301706769843308E-098  -4.8366978272229995E-026
    178.0000000000000       -2.6569842580370600E+303  -4.8366978272229995E-026
    179.0000000000000         0.000000000000000       -4.8366978272229995E-026
    180.0000000000000        2.9609816334356652E-188  -4.8366978272229995E-026
    181.0000000000000        2.1215239117413864E+088  -4.8366978272229995E-026
    182.0000000000000       -1.2934530638396342E+081  -4.8366978272229995E-026
    183.0000000000000       -1.4994765682267831E-101  -4.8366978272229995E-026
    184.0000000000000       -1.4824636730012356E+302  -4.8366978272229995E-026
    185.0000000000000         0.000000000000000       -4.8366978272229995E-026
    186.0000000000000        8.3343913354015518E-174  -4.8366978272229995E-026
    187.0000000000000        1.3692696340904266E-013  -4.8366978272229995E-026
    188.0000000000000        3.8720648132593647E+228  -4.8366978272229995E-026
    189.0000000000000        5.3038775883381526E+180  -4.8366978272229995E-026
    190.0000000000000        3.2859590495548105E-085  -4.8366978272229995E-026
    191.0000000000000       -2.5301697435075866E-098  -4.8366978272229995E-026
    192.0000000000000       -2.6569838326172271E+303  -4.8366978272229995E-026
    193.0000000000000         0.000000000000000       -4.8366978272229995E-026
    194.0000000000000        3.5796136430207639E-164  -4.8366978272229995E-026
    195.0000000000000        7.3964760327014107E+097  -4.8366978272229995E-026
    196.0000000000000        6.9415704089269323E+228  -4.8366978272229995E-026
    197.0000000000000        1.7016872789629101E+214  -4.8366978272229995E-026
    198.0000000000000        9.0480693857400325E+044  -4.8366978272229995E-026
    199.0000000000000        9.0618681504399759E+227  -4.8366978272229995E-026
    200.0000000000000        1.3980687513881538E-152  -4.8366978272229995E-026
    201.0000000000000        2.3737733330866177E+137  -4.8366978272229995E-026
    202.0000000000000        4.5166490431782409E-086  -4.8366978272229995E-026
    203.0000000000000       -2.5301706769701271E-098  -4.8366978272229995E-026
    204.0000000000000       -2.6569842580305891E+303  -4.8366978272229995E-026
    205.0000000000000         0.000000000000000       -4.8366978272229995E-026
    206.0000000000000        2.9609979649838355E-188  -4.8366978272229995E-026
    207.0000000000000        7.3964760327014107E+097  -4.8366978272229995E-026
    208.0000000000000         8221457374404424.       -4.8366978272229995E-026
    209.0000000000000        2.5874440227556802E+161  -4.8366978272229995E-026
    210.0000000000000        2.2556637929836668E+137  -4.8366978272229995E-026
    211.0000000000000        4.2200455575148978E+034  -4.8366978272229995E-026
    212.0000000000000        4.9331829948739970E+257  -4.8366978272229995E-026
    213.0000000000000        5.9372861934917881E+228  -4.8366978272229995E-026
    214.0000000000000        1.5689420321696871E+021  -4.8366978272229995E-026
    215.0000000000000       -1.4472842458597407E-101  -4.8366978272229995E-026
    216.0000000000000       -1.4824636730012356E+302  -4.8366978272229995E-026
    217.0000000000000         0.000000000000000       -4.8366978272229995E-026
    218.0000000000000        2.9609980613035867E-188  -4.8366978272229995E-026
    219.0000000000000         537763340565.1918       -4.8366978272229995E-026
    220.0000000000000       -1.4455607184596203E-101  -4.8366978272229995E-026
    221.0000000000000       -1.4824636730012356E+302  -4.8366978272229995E-026
    222.0000000000000         0.000000000000000       -4.8366978272229995E-026
    223.0000000000000        8.3344146513762718E-174  -4.8366978272229995E-026
    224.0000000000000        8.6124267093963020E+073  -4.8366978272229995E-026
    225.0000000000000        3.6915200648924841E+054  -4.8366978272229995E-026
    226.0000000000000       -2.5301697430357052E-098  -4.8366978272229995E-026
    227.0000000000000       -2.6569838326172271E+303  -4.8366978272229995E-026
    228.0000000000000         0.000000000000000       -4.8366978272229995E-026
    229.0000000000000        1.2717272164949895E-178  -4.8366978272229995E-026
    230.0000000000000        4.6459592702221238E+107  -4.8366978272229995E-026
    231.0000000000000       -2.5299314714338110E-098  -4.8366978272229995E-026
    232.0000000000000       -2.6568961970255749E+303  -4.8366978272229995E-026
    233.0000000000000         0.000000000000000       -4.8366978272229995E-026
    234.0000000000000        2.9609788936739789E-188  -4.8366978272229995E-026
    235.0000000000000        2.7569855790019356E+040  -4.8366978272229995E-026
    236.0000000000000        2.2615570057875604E+137  -4.8366978272229995E-026
    237.0000000000000       -1.5103206879362631E-101  -4.8366978272229995E-026
    238.0000000000000       -1.4824636730012356E+302  -4.8366978272229995E-026
    239.0000000000000         0.000000000000000       -4.8366978272229995E-026
    240.0000000000000        2.3459226494254091E-159  -4.8366978272229995E-026
    241.0000000000000        1.5111060166855004E-013  -4.8366978272229995E-026
    242.0000000000000       -2.5301706769843308E-098  -4.8366978272229995E-026
    243.0000000000000       -2.6569842580370600E+303  -4.8366978272229995E-026
    244.0000000000000         0.000000000000000       -4.8366978272229995E-026
    245.0000000000000        1.9405069453996301E-183  -4.8366978272229995E-026
    246.0000000000000        9.3788319039450919E-144  -4.8366978272229995E-026
    247.0000000000000        1.2501374801628568E+243  -4.8366978272229995E-026
    248.0000000000000        7.4895639487836403E+247  -4.8366978272229995E-026
    249.0000000000000        7.3643065675220255E+223  -4.8366978272229995E-026
    250.0000000000000        1.7575267707375313E+136  -4.8366978272229995E-026
    251.0000000000000        4.6377661497350728E+175  -4.8366978272229995E-026
    252.0000000000000        7.6294172198737364E-024  -4.8366978272229995E-026
    253.0000000000000        1.7514061670446496E+190  -4.8366978272229995E-026
    254.0000000000000        3.6842141245440363E+180  -4.8366978272229995E-026
    255.0000000000000        1.1176047987939303E+200  -4.8366978272229995E-026
    256.0000000000000        4.4357651336946380E-038  -4.8366978272229995E-026
    257.0000000000000        3.9275016491726325E-085  -4.8366978272229995E-026
    258.0000000000000        1.9320114680987628E-027  -4.8366978272229995E-026
    259.0000000000000        7.6984786171415095E+218  -4.8366978272229995E-026
    260.0000000000000        1.7668131798990585E+233  -4.8366978272229995E-026
    261.0000000000000        7.2074685559362200E-067  -4.8366978272229995E-026
    262.0000000000000        4.3918278967729719E+199  -4.8366978272229995E-026
    263.0000000000000        3.6558830946050047E+233  -4.8366978272229995E-026
    264.0000000000000        3.4401543853036563E+169  -4.8366978272229995E-026
    265.0000000000000        2.5874440238031652E+161  -4.8366978272229995E-026
    266.0000000000000        2.2556637938501261E+137  -4.8366978272229995E-026
    267.0000000000000        5.9141937796540428E-061  -4.8366978272229995E-026
    268.0000000000000        6.5001929917383219E+165  -4.8366978272229995E-026
    269.0000000000000        1.4806396294084380E+185  -4.8366978272229995E-026
    270.0000000000000       -2.4689008270066873E-098  -4.8366978272229995E-026
    271.0000000000000       -2.6291039425266811E+303  -4.8366978272229995E-026
    272.0000000000000         0.000000000000000       -4.8366978272229995E-026
    273.0000000000000        1.2717578065842198E-178  -4.8366978272229995E-026
    274.0000000000000       -2.5299314877640872E-098  -4.8366978272229995E-026
    275.0000000000000       -2.6568961970255749E+303  -4.8366978272229995E-026
    276.0000000000000         0.000000000000000       -4.8366978272229995E-026
    277.0000000000000        5.4620368332473532E-169  -4.8366978272229995E-026
    278.0000000000000        7.5288339750402980E+078  -4.8366978272229995E-026
    279.0000000000000        1.9088713515716535E+136  -4.8366978272229995E-026
    280.0000000000000       -2.8816122611697382E+182  -4.8366978272229995E-026
    281.0000000000000        4.0378695369939633E+233  -4.8366978272229995E-026
    282.0000000000000        9.4494840085772324E+170  -4.8366978272229995E-026
    283.0000000000000       -2.5301706733385674E-098  -4.8366978272229995E-026
    284.0000000000000       -2.6569842566933761E+303  -4.8366978272229995E-026
    285.0000000000000         0.000000000000000       -4.8366978272229995E-026
    286.0000000000000        4.5181119578868468E-193  -4.8366978272229995E-026
    287.0000000000000        2.1211247479249346E+088  -4.8366978272229995E-026
    288.0000000000000       -2.1491607725053854E+028  -4.8366978272229995E-026
    289.0000000000000        7.6355399338830472E-305  -4.8366978272229995E-026
    290.0000000000000       -2.5301706769843864E-098  -4.8366978272229995E-026
    291.0000000000000         0.000000000000000       -4.8366978272229995E-026
    292.0000000000000        1.9405016710296193E-183  -4.8366978272229995E-026
    293.0000000000000        4.4234425968945517E+035  -4.8366978272229995E-026
    294.0000000000000        1.7286880628724614E-013  -4.8366978272229995E-026
    295.0000000000000        1.2501373784170251E+243  -4.8366978272229995E-026
    296.0000000000000        7.4895632819821970E+247  -4.8366978272229995E-026
    297.0000000000000        2.6815108683727915E+092  -4.8366978272229995E-026
    298.0000000000000        1.2470691640474477E+137  -4.8366978272229995E-026
    299.0000000000000        1.1752709452440370E+180  -4.8366978272229995E-026
    300.0000000000000        4.2701120025210927E+257  -4.8366978272229995E-026
    301.0000000000000       -2.4689817571338403E-098  -4.8366978272229995E-026
    302.0000000000000       -2.6291039425266811E+303  -4.8366978272229995E-026
    303.0000000000000         0.000000000000000       -4.8366978272229995E-026
    304.0000000000000        2.9609980720057827E-188  -4.8366978272229995E-026
    305.0000000000000        2.2136027770924426E+074  -4.8366978272229995E-026
    306.0000000000000        1.3860272492874434E+093  -4.8366978272229995E-026
    307.0000000000000       -1.4469560255984039E-101  -4.8366978272229995E-026
    308.0000000000000       -1.4824636730012356E+302  -4.8366978272229995E-026
    309.0000000000000         0.000000000000000       -4.8366978272229995E-026
    310.0000000000000        3.5795937829470692E-164  -4.8366978272229995E-026
    311.0000000000000         5047569.332234932       -4.8366978272229995E-026
    312.0000000000000        1.3034826306314096E-051  -4.8366978272229995E-026
    313.0000000000000        4.8567496973195127E-028  -4.8366978272229995E-026
    314.0000000000000        7.6984786171286674E+218  -4.8366978272229995E-026
    315.0000000000000        1.9897703527500102E+045  -4.8366978272229995E-026
    316.0000000000000        4.5792124779802481E+233  -4.8366978272229995E-026
    317.0000000000000        1.7697187216165676E+137  -4.8366978272229995E-026
    318.0000000000000        7.6445664801239409E+218  -4.8366978272229995E-026
    319.0000000000000        4.5166496439820058E-086  -4.8366978272229995E-026
    320.0000000000000       -2.5301706769701271E-098  -4.8366978272229995E-026
    321.0000000000000       -2.6569842580305891E+303  -4.8366978272229995E-026
    322.0000000000000         0.000000000000000       -4.8366978272229995E-026
    323.0000000000000        2.9610007047455217E-188  -4.8366978272229995E-026
    324.0000000000000         5047569.332234932       -4.8366978272229995E-026
    325.0000000000000        1.2984463216988458E+074  -4.8366978272229995E-026
    326.0000000000000        4.3636190637915803E+242  -4.8366978272229995E-026
    327.0000000000000        3.9561309941178688E+252  -4.8366978272229995E-026
    328.0000000000000         3311762.674266384       -4.8366978272229995E-026
    329.0000000000000        2.5918396395189740E+161  -4.8366978272229995E-026
    330.0000000000000        1.5689420058843551E+021  -4.8366978272229995E-026
    331.0000000000000        3.6877742052792426E+180  -4.8366978272229995E-026
    332.0000000000000       -1.4472842458597565E-101  -4.8366978272229995E-026
    333.0000000000000       -1.4824636730012356E+302  -4.8366978272229995E-026
    334.0000000000000         0.000000000000000       -4.8366978272229995E-026
    335.0000000000000        4.5181244505297732E-193  -4.8366978272229995E-026
    336.0000000000000        9.3319813737786362E+025  -4.8366978272229995E-026
    337.0000000000000        1.7286880628728529E-013  -4.8366978272229995E-026
    338.0000000000000        1.2501373784170251E+243  -4.8366978272229995E-026
    339.0000000000000        7.4895632819821970E+247  -4.8366978272229995E-026
    340.0000000000000        2.5785271252709583E-153  -4.8366978272229995E-026
    341.0000000000000        3.9973066152636131E+252  -4.8366978272229995E-026
    342.0000000000000        1.9389545893633306E+228  -4.8366978272229995E-026
    343.0000000000000        6.3314388073160171E-307  -4.8366978272229995E-026
    344.0000000000000       -2.5301706769843864E-098  -4.8366978272229995E-026
    345.0000000000000         0.000000000000000       -4.8366978272229995E-026
    346.0000000000000        1.9405107118048251E-183  -4.8366978272229995E-026
    347.0000000000000        3.8720648118958001E+228  -4.8366978272229995E-026
    348.0000000000000       -2.4689703931721092E-098  -4.8366978272229995E-026
    349.0000000000000       -2.6291039425266811E+303  -4.8366978272229995E-026
    350.0000000000000         0.000000000000000       -4.8366978272229995E-026
    351.0000000000000        1.9405071067168036E-183  -4.8366978272229995E-026
    352.0000000000000        2.8911709886752010E-013  -4.8366978272229995E-026
    353.0000000000000        1.6691156641296016E+117  -4.8366978272229995E-026
    354.0000000000000        5.4952430864181380E-086  -4.8366978272229995E-026
    355.0000000000000        1.1952768431235620E+093  -4.8366978272229995E-026
    356.0000000000000        2.2091712052780499E+049  -4.8366978272229995E-026
    357.0000000000000        5.4835165852836498E-086  -4.8366978272229995E-026
    358.0000000000000        2.6324991420082166E+040  -4.8366978272229995E-026
    359.0000000000000       -2.4689467008133116E-098  -4.8366978272229995E-026
    360.0000000000000       -2.6291039425266811E+303  -4.8366978272229995E-026
    361.0000000000000         0.000000000000000       -4.8366978272229995E-026
    362.0000000000000        3.5796104214192308E-164  -4.8366978272229995E-026
    363.0000000000000        8.3118759721575660E+150  -4.8366978272229995E-026
    364.0000000000000        8.7258008541232746E+150  -4.8366978272229995E-026
    365.0000000000000        1.9088713687659842E+136  -4.8366978272229995E-026
    366.0000000000000        1.7530473032249347E-152  -4.8366978272229995E-026
    367.0000000000000        3.3980749619131783E+035  -4.8366978272229995E-026
    368.0000000000000        6.7838316064580068E+199  -4.8366978272229995E-026
    369.0000000000000        1.4186506072274074E+161  -4.8366978272229995E-026
    370.0000000000000       -2.5301706769701476E-098  -4.8366978272229995E-026
    371.0000000000000       -2.6569842580305891E+303  -4.8366978272229995E-026
    372.0000000000000         0.000000000000000       -4.8366978272229995E-026
    373.0000000000000        5.4620521136045457E-169  -4.8366978272229995E-026
    374.0000000000000        1.3657922600978992E+074  -4.8366978272229995E-026
    375.0000000000000        1.0800523285352541E+098  -4.8366978272229995E-026
    376.0000000000000        1.5463596988247412E+271  -4.8366978272229995E-026
    377.0000000000000       -2.5301706733340633E-098  -4.8366978272229995E-026
    378.0000000000000       -2.6569842566933761E+303  -4.8366978272229995E-026
    379.0000000000000         0.000000000000000       -4.8366978272229995E-026
    380.0000000000000        8.3343989266491340E-174  -4.8366978272229995E-026
    381.0000000000000        1.3657922600978992E+074  -4.8366978272229995E-026
    382.0000000000000        1.8113329301003281E+045  -4.8366978272229995E-026
    383.0000000000000        1.6742838368990062E-047  -4.8366978272229995E-026
    384.0000000000000        3.0338720632332375E-152  -4.8366978272229995E-026
    385.0000000000000        1.6943001517534804E-152  -4.8366978272229995E-026
    386.0000000000000        4.0728899296003031E+233  -4.8366978272229995E-026
    387.0000000000000        4.1986850896471150E+034  -4.8366978272229995E-026
    388.0000000000000        1.8360132733385037E+223  -4.8366978272229995E-026
    389.0000000000000       -2.5301697436550400E-098  -4.8366978272229995E-026
    390.0000000000000       -2.6569838326172271E+303  -4.8366978272229995E-026
    391.0000000000000         0.000000000000000       -4.8366978272229995E-026
    392.0000000000000        3.5796270210769276E-164  -4.8366978272229995E-026
    393.0000000000000        1.3657922600978992E+074  -4.8366978272229995E-026
    394.0000000000000        2.0087645421797395E-013  -4.8366978272229995E-026
    395.0000000000000       -2.5301706769701274E-098  -4.8366978272229995E-026
    396.0000000000000       -2.6569842580305891E+303  -4.8366978272229995E-026
    397.0000000000000         0.000000000000000       -4.8366978272229995E-026
    398.0000000000000        4.5180826940748903E-193  -4.8366978272229995E-026
    399.0000000000000        1.3657922600978992E+074  -4.8366978272229995E-026
    400.0000000000000        1.7204108482923557E+045  -4.8366978272229995E-026
    401.0000000000000        1.4011836986059939E-307  -4.8366978272229995E-026
    402.0000000000000       -2.5301706769843864E-098  -4.8366978272229995E-026
    403.0000000000000         0.000000000000000       -4.8366978272229995E-026
    404.0000000000000        5.4620268437632210E-169  -4.8366978272229995E-026
    405.0000000000000        1.0793249622082831E+021  -4.8366978272229995E-026
    406.0000000000000        1.3074125781535279E+079  -4.8366978272229995E-026
    407.0000000000000        3.5898640063213336E+160  -4.8366978272229995E-026
    408.0000000000000       -2.5301706733376588E-098  -4.8366978272229995E-026
    409.0000000000000       -2.6569842566933761E+303  -4.8366978272229995E-026
    410.0000000000000         0.000000000000000       -4.8366978272229995E-026
    411.0000000000000        1.9405035437115309E-183  -4.8366978272229995E-026
    412.0000000000000        4.6356654144410119E+030  -4.8366978272229995E-026
    413.0000000000000        1.9088714292998716E+136  -4.8366978272229995E-026
    414.0000000000000        1.7530473032249347E-152  -4.8366978272229995E-026
    415.0000000000000       -2.4690137714990583E-098  -4.8366978272229995E-026
    416.0000000000000       -2.6291039425266811E+303  -4.8366978272229995E-026
    417.0000000000000         0.000000000000000       -4.8366978272229995E-026
    418.0000000000000        2.3459247437758814E-159  -4.8366978272229995E-026
    419.0000000000000        6.8505168386331308E+025  -4.8366978272229995E-026
    420.0000000000000        1.9088713818977314E+136  -4.8366978272229995E-026
    421.0000000000000        2.2638460185902200E+137  -4.8366978272229995E-026
    422.0000000000000        7.2059969437518683E-067  -4.8366978272229995E-026
    423.0000000000000        1.6385652535251857E+248  -4.8366978272229995E-026
    424.0000000000000        3.1544052371934121E+180  -4.8366978272229995E-026
    425.0000000000000        1.1760571993012236E+136  -4.8366978272229995E-026
    426.0000000000000        2.2556638769844057E+137  -4.8366978272229995E-026
    427.0000000000000       -2.5301706769843308E-098  -4.8366978272229995E-026
    428.0000000000000       -2.6569842580370600E+303  -4.8366978272229995E-026
    429.0000000000000         0.000000000000000       -4.8366978272229995E-026
    430.0000000000000        2.9609980720057827E-188  -4.8366978272229995E-026
    431.0000000000000         8236756415698256.       -4.8366978272229995E-026
    432.0000000000000        2.2615570057875591E+137  -4.8366978272229995E-026
    433.0000000000000       -1.4634102783643275E-101  -4.8366978272229995E-026
    434.0000000000000       -1.4824636730012356E+302  -4.8366978272229995E-026
    435.0000000000000         0.000000000000000       -4.8366978272229995E-026
    436.0000000000000        8.3343915161455668E-174  -4.8366978272229995E-026
    437.0000000000000        1.6342964708261265E+069  -4.8366978272229995E-026
    438.0000000000000        1.0639821173761697E+248  -4.8366978272229995E-026
    439.0000000000000       -2.5301697435065919E-098  -4.8366978272229995E-026
    440.0000000000000       -2.6569838326172271E+303  -4.8366978272229995E-026
    441.0000000000000         0.000000000000000       -4.8366978272229995E-026
    442.0000000000000        2.9609706636867241E-188  -4.8366978272229995E-026
    443.0000000000000        2.0193152685032409E+088  -4.8366978272229995E-026
    444.0000000000000       -1.4490569559382466E-101  -4.8366978272229995E-026
    445.0000000000000       -1.4824636730012356E+302  -4.8366978272229995E-026
    446.0000000000000         0.000000000000000       -4.8366978272229995E-026
    447.0000000000000        1.9405071277581788E-183  -4.8366978272229995E-026
    448.0000000000000        1.2934620300621633E+074  -4.8366978272229995E-026
    449.0000000000000        2.7939259650428509E+199  -4.8366978272229995E-026
    450.0000000000000       -2.4690138696659196E-098  -4.8366978272229995E-026
    451.0000000000000       -2.6291039425266811E+303  -4.8366978272229995E-026
    452.0000000000000         0.000000000000000       -4.8366978272229995E-026
    453.0000000000000        4.5180825960933634E-193  -4.8366978272229995E-026
    454.0000000000000        1.9088714164379068E+136  -4.8366978272229995E-026
    455.0000000000000        1.1967200512639673E-037  -4.8366978272229995E-026
    456.0000000000000        4.0378668067005073E+233  -4.8366978272229995E-026
    457.0000000000000        9.4494840085772324E+170  -4.8366978272229995E-026
    458.0000000000000        1.4620806719396074E-306  -4.8366978272229995E-026
    459.0000000000000       -2.5301706769843864E-098  -4.8366978272229995E-026
    460.0000000000000         0.000000000000000       -4.8366978272229995E-026
    461.0000000000000        2.9609870487458642E-188  -4.8366978272229995E-026
    462.0000000000000        1.5805648228139319E+103  -4.8366978272229995E-026
    463.0000000000000        4.6736610696428053E-033  -4.8366978272229995E-026
    464.0000000000000        4.8517880472436442E+021  -4.8366978272229995E-026
    465.0000000000000        1.3661766409077183E+161  -4.8366978272229995E-026
    466.0000000000000       -1.4679502479138962E-101  -4.8366978272229995E-026
    467.0000000000000       -1.4824636730012356E+302  -4.8366978272229995E-026
    468.0000000000000         0.000000000000000       -4.8366978272229995E-026
    469.0000000000000        1.2717342814036525E-178  -4.8366978272229995E-026
    470.0000000000000         3841672.642740647       -4.8366978272229995E-026
    471.0000000000000       -6.6196414322643445E+182  -4.8366978272229995E-026
    472.0000000000000       -2.5299322592402632E-098  -4.8366978272229995E-026
    473.0000000000000       -2.6568961970255749E+303  -4.8366978272229995E-026
    474.0000000000000         0.000000000000000       -4.8366978272229995E-026
    475.0000000000000        4.5180826777446352E-193  -4.8366978272229995E-026
    476.0000000000000        7.0734494728969263E+025  -4.8366978272229995E-026
    477.0000000000000        2.9503991603396025E-304  -4.8366978272229995E-026
    478.0000000000000       -2.5301706769843864E-098  -4.8366978272229995E-026
    479.0000000000000         0.000000000000000       -4.8366978272229995E-026
    480.0000000000000        8.3344146815002683E-174  -4.8366978272229995E-026
    481.0000000000000        4.9630958226519911E+030  -4.8366978272229995E-026
    482.0000000000000        1.5805648226704714E+103  -4.8366978272229995E-026
    483.0000000000000       -6.9370993732580817E+235  -4.8366978272229995E-026
    484.0000000000000       -2.5301697463269458E-098  -4.8366978272229995E-026
    485.0000000000000       -2.6569838326172271E+303  -4.8366978272229995E-026
    486.0000000000000         0.000000000000000       -4.8366978272229995E-026
    487.0000000000000        1.2717283840205562E-178  -4.8366978272229995E-026
    488.0000000000000        1.6488001685750248E+098  -4.8366978272229995E-026
    489.0000000000000        2.5986251122108643E-013  -4.8366978272229995E-026
    490.0000000000000        1.2862539385483386E+248  -4.8366978272229995E-026
    491.0000000000000        3.8550888612799457E+139  -4.8366978272229995E-026
    492.0000000000000        6.9641111436285335E+252  -4.8366978272229995E-026
    493.0000000000000        1.1754959375208910E+214  -4.8366978272229995E-026
    494.0000000000000        1.8742326437767298E-152  -4.8366978272229995E-026
    495.0000000000000       -2.5299314165476213E-098  -4.8366978272229995E-026
    496.0000000000000       -2.6568961970255749E+303  -4.8366978272229995E-026
    497.0000000000000         0.000000000000000       -4.8366978272229995E-026
    498.0000000000000        8.3344298037474039E-174  -4.8366978272229995E-026
    499.0000000000000        2.5721255301538041E+064  -4.8366978272229995E-026
    500.0000000000000         8254361537827918.       -4.8366978272229995E-026
    501.0000000000000        2.5874440227556802E+161  -4.8366978272229995E-026
    502.0000000000000        2.2556637929836668E+137  -4.8366978272229995E-026
    503.0000000000000        2.6727645033403960E+185  -4.8366978272229995E-026
    504.0000000000000        1.1754959375172171E+214  -4.8366978272229995E-026
    505.0000000000000        1.8742326437767298E-152  -4.8366978272229995E-026
    506.0000000000000        1.3794922282533252E+219  -4.8366978272229995E-026
    507.0000000000000        5.9374591586997606E+228  -4.8366978272229995E-026
    508.0000000000000       -2.5301697433155649E-098  -4.8366978272229995E-026
    509.0000000000000       -2.6569838326172271E+303  -4.8366978272229995E-026
    510.0000000000000         0.000000000000000       -4.8366978272229995E-026
    511.0000000000000        8.3344760742088138E-174  -4.8366978272229995E-026
    512.0000000000000        2.5721255350577898E+064  -4.8366978272229995E-026
    513.0000000000000         8254361537827918.       -4.8366978272229995E-026
    514.0000000000000        2.5874440227556802E+161  -4.8366978272229995E-026
    515.0000000000000        2.2556637929836668E+137  -4.8366978272229995E-026
    516.0000000000000        2.6727645033403960E+185  -4.8366978272229995E-026
    517.0000000000000        1.1754959375172171E+214  -4.8366978272229995E-026
    518.0000000000000        1.8742326437767298E-152  -4.8366978272229995E-026
    519.0000000000000        1.3794922282533654E+219  -4.8366978272229995E-026
    520.0000000000000        5.9374591586997606E+228  -4.8366978272229995E-026
    521.0000000000000       -2.5301697433155649E-098  -4.8366978272229995E-026
    522.0000000000000       -2.6569838326172271E+303  -4.8366978272229995E-026
    523.0000000000000         0.000000000000000       -4.8366978272229995E-026
    524.0000000000000        3.5796302168021325E-164  -4.8366978272229995E-026
    525.0000000000000        1.5803715281667680E+069  -4.8366978272229995E-026
    526.0000000000000        4.8567458003199422E-028  -4.8366978272229995E-026
    527.0000000000000        7.6984786171286674E+218  -4.8366978272229995E-026
    528.0000000000000        4.6815865687396135E+064  -4.8366978272229995E-026
    529.0000000000000        5.1401918449414953E+252  -4.8366978272229995E-026
    530.0000000000000        1.6933833512933693E-152  -4.8366978272229995E-026
    531.0000000000000        1.5826523750898113E-033  -4.8366978272229995E-026
    532.0000000000000        5.5769889579645433E+228  -4.8366978272229995E-026
    533.0000000000000        9.9408643788013130E+247  -4.8366978272229995E-026
    534.0000000000000       -2.5301706769701398E-098  -4.8366978272229995E-026
    535.0000000000000       -2.6569842580305891E+303  -4.8366978272229995E-026
    536.0000000000000         0.000000000000000       -4.8366978272229995E-026
    537.0000000000000        3.5796303332455698E-164  -4.8366978272229995E-026
    538.0000000000000         8253248956680535.       -4.8366978272229995E-026
    539.0000000000000        2.0244611277258773E+267  -4.8366978272229995E-026
    540.0000000000000       -2.5301706769701473E-098  -4.8366978272229995E-026
    541.0000000000000       -2.6569842580305891E+303  -4.8366978272229995E-026
    542.0000000000000         0.000000000000000       -4.8366978272229995E-026
    543.0000000000000        2.9609707386021293E-188  -4.8366978272229995E-026
    544.0000000000000        1.9088713818977314E+136  -4.8366978272229995E-026
    545.0000000000000        2.2638460185902200E+137  -4.8366978272229995E-026
    546.0000000000000        7.2059969437518683E-067  -4.8366978272229995E-026
    547.0000000000000        1.7514061670446545E+190  -4.8366978272229995E-026
    548.0000000000000        3.6842141245440363E+180  -4.8366978272229995E-026
    549.0000000000000        1.1176047987939303E+200  -4.8366978272229995E-026
    550.0000000000000        1.4844078337287230E-076  -4.8366978272229995E-026
    551.0000000000000        3.6919371037001028E-086  -4.8366978272229995E-026
    552.0000000000000        1.9419512342948257E-027  -4.8366978272229995E-026
    553.0000000000000        7.6984786171415095E+218  -4.8366978272229995E-026
    554.0000000000000        1.7668131798990585E+233  -4.8366978272229995E-026
    555.0000000000000        7.2074685559362200E-067  -4.8366978272229995E-026
    556.0000000000000        2.9069270857620210E+257  -4.8366978272229995E-026
    557.0000000000000        6.4929947731630701E+165  -4.8366978272229995E-026
    558.0000000000000        1.7454478289611356E+243  -4.8366978272229995E-026
    559.0000000000000        5.2927719513851117E+199  -4.8366978272229995E-026
    560.0000000000000        1.4771722629306134E+137  -4.8366978272229995E-026
    561.0000000000000        1.4992510385936334E-076  -4.8366978272229995E-026
    562.0000000000000         7721223272020014.       -4.8366978272229995E-026
    563.0000000000000        2.5874440227556802E+161  -4.8366978272229995E-026
    564.0000000000000        2.2556637929836668E+137  -4.8366978272229995E-026
    565.0000000000000        1.0354805850136335E+243  -4.8366978272229995E-026
    566.0000000000000        9.6649766178591318E+232  -4.8366978272229995E-026
    567.0000000000000        9.9408643739349897E+247  -4.8366978272229995E-026
    568.0000000000000        2.0124746523071437E-022  -4.8366978272229995E-026
    569.0000000000000        1.2501373784170251E+243  -4.8366978272229995E-026
    570.0000000000000        7.4895632819821970E+247  -4.8366978272229995E-026
    571.0000000000000        8.8010532959770452E+223  -4.8366978272229995E-026
    572.0000000000000        1.1307349139572241E+277  -4.8366978272229995E-026
    573.0000000000000        4.8241233861391331E+228  -4.8366978272229995E-026
    574.0000000000000        4.3636190636693489E+242  -4.8366978272229995E-026
    575.0000000000000        1.3231929878462779E+199  -4.8366978272229995E-026
    576.0000000000000        9.3477522325775319E+020  -4.8366978272229995E-026
    577.0000000000000        6.2339553078765374E+228  -4.8366978272229995E-026
    578.0000000000000        1.3168519039336742E+079  -4.8366978272229995E-026
    579.0000000000000        1.3794923341678670E+219  -4.8366978272229995E-026
    580.0000000000000        1.3074125731185545E+079  -4.8366978272229995E-026
    581.0000000000000        6.5075113618054140E+029  -4.8366978272229995E-026
    582.0000000000000        1.9897704481437922E+045  -4.8366978272229995E-026
    583.0000000000000        6.3585592538135193E-153  -4.8366978272229995E-026
    584.0000000000000        7.3610281848754207E+223  -4.8366978272229995E-026
    585.0000000000000        6.5598093582017268E+199  -4.8366978272229995E-026
    586.0000000000000        1.3901791532613719E+262  -4.8366978272229995E-026
    587.0000000000000        2.0124746523840055E-022  -4.8366978272229995E-026
    588.0000000000000        1.2501373784170251E+243  -4.8366978272229995E-026
    589.0000000000000        7.4895632819821970E+247  -4.8366978272229995E-026
    590.0000000000000        2.5785271252709583E-153  -4.8366978272229995E-026
    591.0000000000000        3.6558221607938980E+233  -4.8366978272229995E-026
    592.0000000000000        1.9071580107433874E+228  -4.8366978272229995E-026
    593.0000000000000        5.4205046041839242E+102  -4.8366978272229995E-026
    594.0000000000000        1.5394821067855625E+136  -4.8366978272229995E-026
    595.0000000000000        2.1788261081933294E-022  -4.8366978272229995E-026
    596.0000000000000        3.8720648132593647E+228  -4.8366978272229995E-026
    597.0000000000000        5.3038775883381526E+180  -4.8366978272229995E-026
    598.0000000000000        6.7884741928396654E+112  -4.8366978272229995E-026
    599.0000000000000         7726781178343017.       -4.8366978272229995E-026
    600.0000000000000        2.0244611277258773E+267  -4.8366978272229995E-026
